<?xml version="1.0" encoding="UTF-8"?>
<!-- Generated by org.testng.reporters.JUnitReportReporter -->
<testsuite hostname="Todzzi" failures="0" tests="4" name="Tests.LogoutUserTest" time="7.305" errors="0" timestamp="2025-09-25T19:47:20 EEST" skipped="0">
  <testcase classname="Tests.LogoutUserTest" name="openLoginPage" time="1.151"/>
  <testcase classname="Tests.LogoutUserTest" name="loginUser" time="4.508"/>
  <testcase classname="Tests.LogoutUserTest" name="logoutUser" time="1.626"/>
  <testcase classname="Tests.LogoutUserTest" name="verifyLogin" time="0.020"/>
</testsuite> <!-- Tests.LogoutUserTest -->
