<?xml version="1.0" encoding="UTF-8"?>
<!-- Generated by org.testng.reporters.JUnitReportReporter -->
<testsuite hostname="Todzzi" failures="0" tests="2" name="Tests.TestCasesPageTest" time="1.922" errors="0" timestamp="2025-09-25T19:47:20 EEST" skipped="0">
  <testcase classname="Tests.TestCasesPageTest" name="navigateToTestCasesPage" time="1.871"/>
  <testcase classname="Tests.TestCasesPageTest" name="openHomePage" time="0.051"/>
</testsuite> <!-- Tests.TestCasesPageTest -->
