<?xml version="1.0" encoding="UTF-8"?>
<!-- Generated by org.testng.reporters.JUnitReportReporter -->
<testsuite hostname="Todzzi" failures="0" tests="5" name="Tests.LoginUserWrongTest" time="21.370" errors="0" timestamp="2025-09-25T19:47:20 EEST" skipped="0">
  <testcase classname="Tests.LoginUserWrongTest" name="verifyAccount" time="0.019"/>
  <testcase classname="Tests.LoginUserWrongTest" name="loginWithInvalidCredentials" time="2.670"/>
  <testcase classname="Tests.LoginUserWrongTest" name="openSignupPage" time="2.204"/>
  <testcase classname="Tests.LoginUserWrongTest" name="logoutUser" time="8.201"/>
  <testcase classname="Tests.LoginUserWrongTest" name="createNewAccount" time="8.276"/>
</testsuite> <!-- Tests.LoginUserWrongTest -->
