<?xml version="1.0" encoding="UTF-8"?>
<!-- Generated by org.testng.reporters.JUnitReportReporter -->
<testsuite hostname="Todzzi" failures="0" tests="1" name="Tests.PlaceOrderRegisterWhileCheckoutTest" time="27.162" errors="0" timestamp="2025-09-25T19:47:20 EEST" skipped="0">
  <testcase classname="Tests.PlaceOrderRegisterWhileCheckoutTest" name="placeOrderRegisterWhileCheckout" time="27.162"/>
</testsuite> <!-- Tests.PlaceOrderRegisterWhileCheckoutTest -->
