<?xml version="1.0" encoding="UTF-8"?>
<!-- Generated by org.testng.reporters.JUnitReportReporter -->
<testsuite hostname="Todzzi" failures="0" tests="1" name="Tests.AddReviewTest" time="25.367" errors="0" timestamp="2025-09-25T19:47:20 EEST" skipped="0">
  <testcase classname="Tests.AddReviewTest" name="addReviewOnProduct" time="25.367"/>
</testsuite> <!-- Tests.AddReviewTest -->
