<?xml version="1.0" encoding="UTF-8"?>
<!-- Generated by org.testng.reporters.JUnitReportReporter -->
<testsuite hostname="Todzzi" failures="0" tests="3" name="Tests.ProductsPageTest" time="7.518" errors="0" timestamp="2025-09-25T19:47:20 EEST" skipped="0">
  <testcase classname="Tests.ProductsPageTest" name="openHomePage" time="0.057"/>
  <testcase classname="Tests.ProductsPageTest" name="verifyFirstProductDetails" time="3.118"/>
  <testcase classname="Tests.ProductsPageTest" name="navigateToProductsPage" time="4.343"/>
</testsuite> <!-- Tests.ProductsPageTest -->
