<?xml version="1.0" encoding="UTF-8"?>
<!-- Generated by org.testng.reporters.JUnitReportReporter -->
<testsuite hostname="Todzzi" failures="0" tests="2" name="Tests.RegisterExistingEmailTest" time="3.820" errors="0" timestamp="2025-09-25T19:47:20 EEST" skipped="0">
  <testcase classname="Tests.RegisterExistingEmailTest" name="registerWithExistingEmail" time="2.046"/>
  <testcase classname="Tests.RegisterExistingEmailTest" name="openSignupPage" time="1.774"/>
</testsuite> <!-- Tests.RegisterExistingEmailTest -->
