<?xml version="1.0" encoding="UTF-8"?>
<!-- Generated by org.testng.reporters.JUnitReportReporter -->
<testsuite hostname="Todzzi" failures="0" tests="3" name="Tests.SearchProductTest" time="6.511" errors="0" timestamp="2025-09-25T19:47:20 EEST" skipped="0">
  <testcase classname="Tests.SearchProductTest" name="navigateToProductsPage" time="4.240"/>
  <testcase classname="Tests.SearchProductTest" name="openHomePage" time="0.061"/>
  <testcase classname="Tests.SearchProductTest" name="searchProduct" time="2.210"/>
</testsuite> <!-- Tests.SearchProductTest -->
