<?xml version="1.0" encoding="UTF-8"?>
<!-- Generated by org.testng.reporters.JUnitReportReporter -->
<testsuite hostname="Todzzi" failures="0" tests="1" name="Tests.CartTest" time="7.857" errors="0" timestamp="2025-09-25T20:43:46 EEST" skipped="0">
  <testcase classname="Tests.CartTest" name="addProductsToCart" time="7.857"/>
</testsuite> <!-- Tests.CartTest -->
