<?xml version="1.0" encoding="UTF-8"?>
<!-- Generated by org.testng.reporters.JUnitReportReporter -->
<testsuite hostname="Todzzi" failures="0" tests="8" name="Tests.LoginUserTest" time="71.570" errors="0" timestamp="2025-09-25T19:47:20 EEST" skipped="0">
  <testcase classname="Tests.LoginUserTest" name="openLoginPage" time="1.869"/>
  <testcase classname="Tests.LoginUserTest" name="deleteAccount" time="7.880"/>
  <testcase classname="Tests.LoginUserTest" name="createNewAccount" time="16.568"/>
  <testcase classname="Tests.LoginUserTest" name="verifyAccount" time="0.021"/>
  <testcase classname="Tests.LoginUserTest" name="loginUser" time="18.471"/>
  <testcase classname="Tests.LoginUserTest" name="openSignupPage" time="3.605"/>
  <testcase classname="Tests.LoginUserTest" name="verify2Account" time="0.020"/>
  <testcase classname="Tests.LoginUserTest" name="logoutUser" time="23.136"/>
</testsuite> <!-- Tests.LoginUserTest -->
