<?xml version="1.0" encoding="UTF-8"?>
<!-- Generated by org.testng.reporters.JUnitReportReporter -->
<testsuite hostname="Todzzi" failures="0" tests="4" name="Tests.RegisterUserTest" time="35.595" errors="0" timestamp="2025-09-25T19:47:20 EEST" skipped="0">
  <testcase classname="Tests.RegisterUserTest" name="openSignupPage" time="1.107"/>
  <testcase classname="Tests.RegisterUserTest" name="createNewAccount" time="12.542"/>
  <testcase classname="Tests.RegisterUserTest" name="verifyAccount" time="0.021"/>
  <testcase classname="Tests.RegisterUserTest" name="deleteAccount" time="21.925"/>
</testsuite> <!-- Tests.RegisterUserTest -->
